<?xml version="1.0" encoding="UTF-8"?>
<!-- Generated by org.testng.reporters.JUnitReportReporter -->
<testsuite skipped="0" hostname="LAPTOP-V2LQLCOS" name="sanity.SauceDemoWeb" tests="12" failures="0" timestamp="2022-04-04T22:47:42 IDT" time="22.288" errors="0">
  <testcase name="test07_verify_product_exists_inCart" time="1.468" classname="sanity.SauceDemoWeb"/>
  <system-out/>
  <testcase name="test07_verify_product_exists_inCart" time="1.585" classname="sanity.SauceDemoWeb"/>
  <system-out/>
  <testcase name="test07_verify_product_exists_inCart" time="1.454" classname="sanity.SauceDemoWeb"/>
  <system-out/>
  <testcase name="test07_verify_product_exists_inCart" time="1.487" classname="sanity.SauceDemoWeb"/>
  <system-out/>
  <testcase name="test01_verifyTitle" time="0.929" classname="sanity.SauceDemoWeb"/>
  <system-out/>
  <testcase name="test04_verify_low_to_high_sortingItems" time="1.396" classname="sanity.SauceDemoWeb"/>
  <system-out/>
  <testcase name="test06_verify_visualization_primary_header_logo" time="7.852" classname="sanity.SauceDemoWeb"/>
  <system-out/>
  <testcase name="test02_verifyItemsNumber" time="0.794" classname="sanity.SauceDemoWeb"/>
  <system-out/>
  <testcase name="test03_add_and_removeItemsFromInventory" time="1.690" classname="sanity.SauceDemoWeb"/>
  <system-out/>
  <testcase name="test05_verify_AllElementsDisplay" time="0.957" classname="sanity.SauceDemoWeb"/>
  <system-out/>
  <testcase name="test07_verify_product_exists_inCart" time="1.448" classname="sanity.SauceDemoWeb"/>
  <system-out/>
  <testcase name="test07_verify_product_exists_inCart" time="1.228" classname="sanity.SauceDemoWeb"/>
  <system-out/>
</testsuite> <!-- sanity.SauceDemoWeb -->
