<?xml version="1.0" encoding="UTF-8"?>
<!-- Generated by org.testng.reporters.JUnitReportReporter -->
<testsuite skipped="0" hostname="LAPTOP-V2LQLCOS" name="sanity.BookAPI" tests="6" failures="0" timestamp="2022-04-04T22:48:10 IDT" time="5.217" errors="0">
  <testcase name="test01_verifyBookTitle" time="2.856" classname="sanity.BookAPI"/>
  <system-out/>
  <testcase name="test03_updateBook" time="0.461" classname="sanity.BookAPI"/>
  <system-out/>
  <testcase name="test02_addNewBook" time="0.505" classname="sanity.BookAPI"/>
  <system-out/>
  <testcase name="test02_addNewBook" time="0.468" classname="sanity.BookAPI"/>
  <system-out/>
  <testcase name="test04_deleteAllUserBooks" time="0.477" classname="sanity.BookAPI"/>
  <system-out/>
  <testcase name="test02_addNewBook" time="0.450" classname="sanity.BookAPI"/>
  <system-out/>
</testsuite> <!-- sanity.BookAPI -->
