<?xml version="1.0" encoding="UTF-8"?>
<!-- Generated by org.testng.reporters.JUnitReportReporter -->
<testsuite skipped="0" hostname="LAPTOP-V2LQLCOS" name="sanity.MortgageMobile" tests="5" failures="0" timestamp="2022-04-05T18:30:25 IDT" time="102.313" errors="0">
  <testcase name="test01_verifyFailedMortgageCalculation" time="12.003" classname="sanity.MortgageMobile"/>
  <system-out/>
  <testcase name="test04_verifyRemovingSavedMortgageCalculation" time="23.832" classname="sanity.MortgageMobile"/>
  <system-out/>
  <testcase name="test03_verifySavedMortgageCalculation" time="16.857" classname="sanity.MortgageMobile"/>
  <system-out/>
  <testcase name="test05_verifySavingMortgageCalculation" time="35.377" classname="sanity.MortgageMobile"/>
  <system-out/>
  <testcase name="test02_verifyMortgageCalculation" time="14.244" classname="sanity.MortgageMobile"/>
  <system-out/>
</testsuite> <!-- sanity.MortgageMobile -->
