<?xml version="1.0" encoding="UTF-8"?>
<!-- Generated by org.testng.reporters.JUnitReportReporter -->
<testsuite skipped="0" hostname="LAPTOP-V2LQLCOS" name="sanity.ToDoElectron" tests="5" failures="0" timestamp="2022-04-03T22:00:02 IDT" time="22.078" errors="0">
  <testcase name="test01_addAndVerifyNewTask" time="5.260" classname="sanity.ToDoElectron"/>
  <system-out/>
  <testcase name="test05_addAndVerifyColorTasks" time="5.025" classname="sanity.ToDoElectron"/>
  <system-out/>
  <testcase name="test02_addAndVerifyNewTasks" time="2.538" classname="sanity.ToDoElectron"/>
  <system-out/>
  <testcase name="test03_addAndVerifyCompletedTasks" time="4.441" classname="sanity.ToDoElectron"/>
  <system-out/>
  <testcase name="test04_addAndVerifyTodoTasks" time="4.814" classname="sanity.ToDoElectron"/>
  <system-out/>
</testsuite> <!-- sanity.ToDoElectron -->
