<?xml version="1.0" encoding="UTF-8"?>
<!-- Generated by org.testng.reporters.JUnitReportReporter -->
<testsuite skipped="0" hostname="LAPTOP-V2LQLCOS" name="sanity.SauceDemoWeb" tests="12" failures="0" timestamp="2022-03-03T12:57:02 IST" time="20.118" errors="0">
  <testcase name="test04_verify_low_to_high_sortingItems" time="1.513" classname="sanity.SauceDemoWeb"/>
  <system-out/>
  <testcase name="test06_verify_visualization_primary_header_logo" time="2.848" classname="sanity.SauceDemoWeb"/>
  <system-out/>
  <testcase name="test07_verify_product_exists_inCart" time="1.586" classname="sanity.SauceDemoWeb"/>
  <system-out/>
  <testcase name="test01_verifyTitle" time="1.094" classname="sanity.SauceDemoWeb"/>
  <system-out/>
  <testcase name="test07_verify_product_exists_inCart" time="1.717" classname="sanity.SauceDemoWeb"/>
  <system-out/>
  <testcase name="test07_verify_product_exists_inCart" time="1.279" classname="sanity.SauceDemoWeb"/>
  <system-out/>
  <testcase name="test03_add_and_removeItemsFromInventory" time="2.291" classname="sanity.SauceDemoWeb"/>
  <system-out/>
  <testcase name="test07_verify_product_exists_inCart" time="1.400" classname="sanity.SauceDemoWeb"/>
  <system-out/>
  <testcase name="test02_verifyItemsNumber" time="1.755" classname="sanity.SauceDemoWeb"/>
  <system-out/>
  <testcase name="test07_verify_product_exists_inCart" time="1.206" classname="sanity.SauceDemoWeb"/>
  <system-out/>
  <testcase name="test05_verify_AllElementsDisplay" time="1.301" classname="sanity.SauceDemoWeb"/>
  <system-out/>
  <testcase name="test07_verify_product_exists_inCart" time="2.128" classname="sanity.SauceDemoWeb"/>
  <system-out/>
</testsuite> <!-- sanity.SauceDemoWeb -->
