<?xml version="1.0" encoding="UTF-8"?>
<!-- Generated by org.testng.reporters.JUnitReportReporter -->
<testsuite skipped="0" hostname="LAPTOP-V2LQLCOS" name="sanity.MortgageMobile" tests="1" failures="0" timestamp="2022-03-03T13:21:24 IST" time="8.697" errors="0">
  <testcase name="test01_verifyMortgageCalculation" time="8.697" classname="sanity.MortgageMobile"/>
  <system-out/>
</testsuite> <!-- sanity.MortgageMobile -->
