<?xml version="1.0" encoding="UTF-8"?>
<!-- Generated by org.testng.reporters.JUnitReportReporter -->
<testsuite skipped="0" hostname="LAPTOP-V2LQLCOS" name="sanity.BookAPI" tests="6" failures="0" timestamp="2022-03-30T21:55:41 IDT" time="9.967" errors="0">
  <testcase name="test01_verifyBookTitle" time="4.898" classname="sanity.BookAPI"/>
  <system-out/>
  <testcase name="test02_addNewBook" time="0.980" classname="sanity.BookAPI"/>
  <system-out/>
  <testcase name="test02_addNewBook" time="0.913" classname="sanity.BookAPI"/>
  <system-out/>
  <testcase name="test03_updateBook" time="0.917" classname="sanity.BookAPI"/>
  <system-out/>
  <testcase name="test04_deleteAllUserBooks" time="1.126" classname="sanity.BookAPI"/>
  <system-out/>
  <testcase name="test02_addNewBook" time="1.133" classname="sanity.BookAPI"/>
  <system-out/>
</testsuite> <!-- sanity.BookAPI -->
