<?xml version="1.0" encoding="UTF-8"?>
<!-- Generated by org.testng.reporters.JUnitReportReporter -->
<testsuite skipped="0" hostname="LAPTOP-V2LQLCOS" name="sanity.BookAPI" tests="6" failures="0" timestamp="2022-04-05T18:24:24 IDT" time="5.549" errors="0">
  <testcase name="test04_deleteAllUserBooks" time="0.514" classname="sanity.BookAPI"/>
  <system-out/>
  <testcase name="test02_addNewBook" time="0.545" classname="sanity.BookAPI"/>
  <system-out/>
  <testcase name="test02_addNewBook" time="0.638" classname="sanity.BookAPI"/>
  <system-out/>
  <testcase name="test01_verifyBookTitle" time="2.887" classname="sanity.BookAPI"/>
  <system-out/>
  <testcase name="test02_addNewBook" time="0.437" classname="sanity.BookAPI"/>
  <system-out/>
  <testcase name="test03_updateBook" time="0.528" classname="sanity.BookAPI"/>
  <system-out/>
</testsuite> <!-- sanity.BookAPI -->
