<?xml version="1.0" encoding="UTF-8"?>
<!-- Generated by org.testng.reporters.JUnitReportReporter -->
<testsuite skipped="0" hostname="LAPTOP-V2LQLCOS" name="sanity.CalculatorDesktop" tests="2" failures="0" timestamp="2022-03-03T12:56:58 IST" time="11.665" errors="0">
  <testcase name="test01_addTwoNumbers" time="6.479" classname="sanity.CalculatorDesktop"/>
  <system-out/>
  <testcase name="test01_subtractTwoNumbers" time="5.186" classname="sanity.CalculatorDesktop"/>
  <system-out/>
</testsuite> <!-- sanity.CalculatorDesktop -->
