<?xml version="1.0" encoding="UTF-8"?>
<!-- Generated by org.testng.reporters.JUnitReportReporter -->
<testsuite skipped="0" hostname="LAPTOP-V2LQLCOS" name="sanity.SauceDemoWeb" tests="12" failures="0" timestamp="2022-04-05T18:34:22 IDT" time="20.399" errors="0">
  <testcase name="test07_verify_product_exists_inCart" time="1.306" classname="sanity.SauceDemoWeb"/>
  <system-out/>
  <testcase name="test07_verify_product_exists_inCart" time="2.290" classname="sanity.SauceDemoWeb"/>
  <system-out/>
  <testcase name="test03_add_and_removeItemsFromInventory" time="2.453" classname="sanity.SauceDemoWeb"/>
  <system-out/>
  <testcase name="test06_verify_visualization_primary_header_logo" time="2.400" classname="sanity.SauceDemoWeb"/>
  <system-out/>
  <testcase name="test07_verify_product_exists_inCart" time="1.613" classname="sanity.SauceDemoWeb"/>
  <system-out/>
  <testcase name="test07_verify_product_exists_inCart" time="2.078" classname="sanity.SauceDemoWeb"/>
  <system-out/>
  <testcase name="test04_verify_low_to_high_sortingItems" time="1.551" classname="sanity.SauceDemoWeb"/>
  <system-out/>
  <testcase name="test02_verifyItemsNumber" time="1.207" classname="sanity.SauceDemoWeb"/>
  <system-out/>
  <testcase name="test01_verifyTitle" time="1.058" classname="sanity.SauceDemoWeb"/>
  <system-out/>
  <testcase name="test07_verify_product_exists_inCart" time="1.314" classname="sanity.SauceDemoWeb"/>
  <system-out/>
  <testcase name="test07_verify_product_exists_inCart" time="1.711" classname="sanity.SauceDemoWeb"/>
  <system-out/>
  <testcase name="test05_verify_AllElementsDisplay" time="1.418" classname="sanity.SauceDemoWeb"/>
  <system-out/>
</testsuite> <!-- sanity.SauceDemoWeb -->
