<?xml version="1.0" encoding="UTF-8"?>
<!-- Generated by org.testng.reporters.JUnitReportReporter -->
<testsuite skipped="0" hostname="LAPTOP-V2LQLCOS" name="sanity.ToDoElectron" tests="2" failures="0" timestamp="2022-03-03T12:40:45 IST" time="2.463" errors="0">
  <testcase name="test01_addAndVerifyNewTask" time="1.083" classname="sanity.ToDoElectron"/>
  <system-out/>
  <testcase name="test02_addAndVerifyNewTasks" time="1.380" classname="sanity.ToDoElectron"/>
  <system-out/>
</testsuite> <!-- sanity.ToDoElectron -->
