<?xml version="1.0" encoding="UTF-8"?>
<!-- Generated by org.testng.reporters.JUnitReportReporter -->
<testsuite skipped="0" hostname="LAPTOP-V2LQLCOS" name="sanity.CalculatorDesktop" tests="4" failures="0" timestamp="2022-03-18T11:47:39 IST" time="17.561" errors="0">
  <testcase name="test01_addTwoNumbers" time="5.017" classname="sanity.CalculatorDesktop"/>
  <system-out/>
  <testcase name="test04_divideTwoNumbers" time="4.241" classname="sanity.CalculatorDesktop"/>
  <system-out/>
  <testcase name="test03_multiplyTwoNumbers" time="4.280" classname="sanity.CalculatorDesktop"/>
  <system-out/>
  <testcase name="test02_subtractTwoNumbers" time="4.023" classname="sanity.CalculatorDesktop"/>
  <system-out/>
</testsuite> <!-- sanity.CalculatorDesktop -->
