<?xml version="1.0" encoding="UTF-8"?>
<!-- Generated by org.testng.reporters.JUnitReportReporter -->
<testsuite skipped="0" hostname="LAPTOP-V2LQLCOS" name="sanity.CalculatorDesktop" tests="4" failures="0" timestamp="2022-04-05T18:26:39 IDT" time="16.235" errors="0">
  <testcase name="test04_divideTwoNumbers" time="3.958" classname="sanity.CalculatorDesktop"/>
  <system-out/>
  <testcase name="test02_subtractTwoNumbers" time="3.974" classname="sanity.CalculatorDesktop"/>
  <system-out/>
  <testcase name="test01_addTwoNumbers" time="4.643" classname="sanity.CalculatorDesktop"/>
  <system-out/>
  <testcase name="test03_multiplyTwoNumbers" time="3.660" classname="sanity.CalculatorDesktop"/>
  <system-out/>
</testsuite> <!-- sanity.CalculatorDesktop -->
