<?xml version="1.0" encoding="UTF-8"?>
<!-- Generated by org.testng.reporters.JUnitReportReporter -->
<testsuite skipped="0" hostname="LAPTOP-V2LQLCOS" name="sanity.BookAPI" tests="6" failures="0" timestamp="2022-04-20T10:01:51 IDT" time="7.323" errors="0">
  <testcase name="test01_verifyBookTitle" time="4.312" classname="sanity.BookAPI"/>
  <system-out/>
  <testcase name="test04_deleteAllUserBooks" time="0.755" classname="sanity.BookAPI"/>
  <system-out/>
  <testcase name="test02_addNewBook" time="0.543" classname="sanity.BookAPI"/>
  <system-out/>
  <testcase name="test02_addNewBook" time="0.475" classname="sanity.BookAPI"/>
  <system-out/>
  <testcase name="test02_addNewBook" time="0.471" classname="sanity.BookAPI"/>
  <system-out/>
  <testcase name="test03_updateBook" time="0.767" classname="sanity.BookAPI"/>
  <system-out/>
</testsuite> <!-- sanity.BookAPI -->
