<?xml version="1.0" encoding="UTF-8"?>
<!-- Generated by org.testng.reporters.JUnitReportReporter -->
<testsuite skipped="0" hostname="LAPTOP-V2LQLCOS" name="sanity.ToDoElectron" tests="5" failures="0" timestamp="2022-04-04T22:49:22 IDT" time="19.100" errors="0">
  <testcase name="test04_addAndVerifyTodoTasks" time="4.833" classname="sanity.ToDoElectron"/>
  <system-out/>
  <testcase name="test05_addAndVerifyColorTasks" time="4.828" classname="sanity.ToDoElectron"/>
  <system-out/>
  <testcase name="test03_addAndVerifyCompletedTasks" time="4.315" classname="sanity.ToDoElectron"/>
  <system-out/>
  <testcase name="test01_addAndVerifyNewTask" time="2.323" classname="sanity.ToDoElectron"/>
  <system-out/>
  <testcase name="test02_addAndVerifyNewTasks" time="2.801" classname="sanity.ToDoElectron"/>
  <system-out/>
</testsuite> <!-- sanity.ToDoElectron -->
