<?xml version="1.0" encoding="UTF-8"?>
<!-- Generated by org.testng.reporters.JUnitReportReporter -->
<testsuite skipped="0" hostname="LAPTOP-V2LQLCOS" name="sanity.SauceDemoDB" tests="1" failures="0" timestamp="2022-04-05T18:34:22 IDT" time="1.245" errors="0">
  <testcase name="test01_verifyTitle" time="1.245" classname="sanity.SauceDemoDB"/>
  <system-out/>
</testsuite> <!-- sanity.SauceDemoDB -->
