<?xml version="1.0" encoding="UTF-8"?>
<!-- Generated by org.testng.reporters.JUnitReportReporter -->
<testsuite skipped="0" hostname="LAPTOP-V2LQLCOS" name="sanity.BookAPI" tests="6" failures="0" timestamp="2022-03-03T12:56:33 IST" time="5.858" errors="0">
  <testcase name="test01_verifyBookTitle" time="3.319" classname="sanity.BookAPI"/>
  <system-out/>
  <testcase name="test03_updateBook" time="0.516" classname="sanity.BookAPI"/>
  <system-out/>
  <testcase name="test02_addNewBook" time="0.512" classname="sanity.BookAPI"/>
  <system-out/>
  <testcase name="test04_deleteAllUserBooks" time="0.483" classname="sanity.BookAPI"/>
  <system-out/>
  <testcase name="test02_addNewBook" time="0.442" classname="sanity.BookAPI"/>
  <system-out/>
  <testcase name="test02_addNewBook" time="0.586" classname="sanity.BookAPI"/>
  <system-out/>
</testsuite> <!-- sanity.BookAPI -->
