<?xml version="1.0" encoding="UTF-8"?>
<!-- Generated by org.testng.reporters.JUnitReportReporter -->
<testsuite skipped="0" hostname="LAPTOP-V2LQLCOS" name="sanity.SauceDemoWeb" tests="12" failures="0" timestamp="2022-03-30T21:54:13 IDT" time="39.395" errors="0">
  <testcase name="test07_verify_product_exists_inCart" time="2.343" classname="sanity.SauceDemoWeb"/>
  <system-out/>
  <testcase name="test07_verify_product_exists_inCart" time="2.360" classname="sanity.SauceDemoWeb"/>
  <system-out/>
  <testcase name="test07_verify_product_exists_inCart" time="1.467" classname="sanity.SauceDemoWeb"/>
  <system-out/>
  <testcase name="test01_verifyTitle" time="1.225" classname="sanity.SauceDemoWeb"/>
  <system-out/>
  <testcase name="test04_verify_low_to_high_sortingItems" time="1.949" classname="sanity.SauceDemoWeb"/>
  <system-out/>
  <testcase name="test07_verify_product_exists_inCart" time="1.976" classname="sanity.SauceDemoWeb"/>
  <system-out/>
  <testcase name="test07_verify_product_exists_inCart" time="1.662" classname="sanity.SauceDemoWeb"/>
  <system-out/>
  <testcase name="test02_verifyItemsNumber" time="1.197" classname="sanity.SauceDemoWeb"/>
  <system-out/>
  <testcase name="test07_verify_product_exists_inCart" time="2.022" classname="sanity.SauceDemoWeb"/>
  <system-out/>
  <testcase name="test03_add_and_removeItemsFromInventory" time="2.510" classname="sanity.SauceDemoWeb"/>
  <system-out/>
  <testcase name="test05_verify_AllElementsDisplay" time="1.763" classname="sanity.SauceDemoWeb"/>
  <system-out/>
  <testcase name="test06_verify_visualization_primary_header_logo" time="18.921" classname="sanity.SauceDemoWeb"/>
  <system-out/>
</testsuite> <!-- sanity.SauceDemoWeb -->
