<?xml version="1.0" encoding="UTF-8"?>
<!-- Generated by org.testng.reporters.JUnitReportReporter -->
<testsuite skipped="0" hostname="LAPTOP-V2LQLCOS" name="sanity.CalculatorDesktop" tests="4" failures="0" timestamp="2022-04-04T22:51:19 IDT" time="14.715" errors="0">
  <testcase name="test01_addTwoNumbers" time="4.022" classname="sanity.CalculatorDesktop"/>
  <system-out/>
  <testcase name="test02_subtractTwoNumbers" time="3.639" classname="sanity.CalculatorDesktop"/>
  <system-out/>
  <testcase name="test03_multiplyTwoNumbers" time="3.379" classname="sanity.CalculatorDesktop"/>
  <system-out/>
  <testcase name="test04_divideTwoNumbers" time="3.675" classname="sanity.CalculatorDesktop"/>
  <system-out/>
</testsuite> <!-- sanity.CalculatorDesktop -->
