<?xml version="1.0" encoding="UTF-8"?>
<!-- Generated by org.testng.reporters.JUnitReportReporter -->
<testsuite skipped="0" hostname="LAPTOP-V2LQLCOS" name="sanity.MortgageMobile" tests="5" failures="0" timestamp="2022-04-04T22:46:36 IDT" time="120.368" errors="0">
  <testcase name="test04_verifyRemovingSavedMortgageCalculation" time="25.302" classname="sanity.MortgageMobile"/>
  <system-out/>
  <testcase name="test01_verifyFailedMortgageCalculation" time="17.194" classname="sanity.MortgageMobile"/>
  <system-out/>
  <testcase name="test02_verifyMortgageCalculation" time="15.671" classname="sanity.MortgageMobile"/>
  <system-out/>
  <testcase name="test05_verifySavingMortgageCalculation" time="43.516" classname="sanity.MortgageMobile"/>
  <system-out/>
  <testcase name="test03_verifySavedMortgageCalculation" time="18.685" classname="sanity.MortgageMobile"/>
  <system-out/>
</testsuite> <!-- sanity.MortgageMobile -->
