<?xml version="1.0" encoding="UTF-8"?>
<!-- Generated by org.testng.reporters.JUnitReportReporter -->
<testsuite skipped="0" hostname="LAPTOP-V2LQLCOS" name="sanity.SauceDemoWeb" tests="12" failures="0" timestamp="2022-03-05T16:10:57 IST" time="16.531" errors="0">
  <testcase name="test07_verify_product_exists_inCart" time="1.033" classname="sanity.SauceDemoWeb"/>
  <system-out/>
  <testcase name="test07_verify_product_exists_inCart" time="1.367" classname="sanity.SauceDemoWeb"/>
  <system-out/>
  <testcase name="test07_verify_product_exists_inCart" time="1.444" classname="sanity.SauceDemoWeb"/>
  <system-out/>
  <testcase name="test07_verify_product_exists_inCart" time="0.945" classname="sanity.SauceDemoWeb"/>
  <system-out/>
  <testcase name="test07_verify_product_exists_inCart" time="1.227" classname="sanity.SauceDemoWeb"/>
  <system-out/>
  <testcase name="test06_verify_visualization_primary_header_logo" time="3.038" classname="sanity.SauceDemoWeb"/>
  <system-out/>
  <testcase name="test07_verify_product_exists_inCart" time="1.399" classname="sanity.SauceDemoWeb"/>
  <system-out/>
  <testcase name="test02_verifyItemsNumber" time="0.719" classname="sanity.SauceDemoWeb"/>
  <system-out/>
  <testcase name="test01_verifyTitle" time="0.976" classname="sanity.SauceDemoWeb"/>
  <system-out/>
  <testcase name="test05_verify_AllElementsDisplay" time="0.862" classname="sanity.SauceDemoWeb"/>
  <system-out/>
  <testcase name="test03_add_and_removeItemsFromInventory" time="2.212" classname="sanity.SauceDemoWeb"/>
  <system-out/>
  <testcase name="test04_verify_low_to_high_sortingItems" time="1.309" classname="sanity.SauceDemoWeb"/>
  <system-out/>
</testsuite> <!-- sanity.SauceDemoWeb -->
